0 info it worked if it ends with ok
1 verbose cli [ '/Users/oleg/.nvm/versions/node/v6.9.2/bin/node',
1 verbose cli   '/Users/oleg/.nvm/versions/node/v6.9.2/bin/npm',
1 verbose cli   'run',
1 verbose cli   'gulp' ]
2 info using npm@3.10.9
3 info using node@v6.9.2
4 verbose run-script [ 'pregulp', 'gulp', 'postgulp' ]
5 info lifecycle cf-compose-model@0.0.1~pregulp: cf-compose-model@0.0.1
6 silly lifecycle cf-compose-model@0.0.1~pregulp: no script for pregulp, continuing
7 info lifecycle cf-compose-model@0.0.1~gulp: cf-compose-model@0.0.1
8 verbose lifecycle cf-compose-model@0.0.1~gulp: unsafe-perm in lifecycle true
9 verbose lifecycle cf-compose-model@0.0.1~gulp: PATH: /Users/oleg/.nvm/versions/node/v6.9.2/lib/node_modules/npm/bin/node-gyp-bin:/Users/oleg/workspace/codefresh/cf-compose-model/node_modules/.bin:/Users/oleg/Downloads/google-cloud-sdk/bin:/Library/Frameworks/Python.framework/Versions/3.6/bin:/Users/oleg/.nvm/versions/node/v6.9.2/bin:/usr/local/bin:/usr/bin:/bin:/usr/sbin:/sbin
10 verbose lifecycle cf-compose-model@0.0.1~gulp: CWD: /Users/oleg/workspace/codefresh/cf-compose-model
11 silly lifecycle cf-compose-model@0.0.1~gulp: Args: [ '-c', 'gulp' ]
12 silly lifecycle cf-compose-model@0.0.1~gulp: Returned: code: 1  signal: null
13 info lifecycle cf-compose-model@0.0.1~gulp: Failed to exec gulp script
14 verbose stack Error: cf-compose-model@0.0.1 gulp: `gulp`
14 verbose stack Exit status 1
14 verbose stack     at EventEmitter.<anonymous> (/Users/oleg/.nvm/versions/node/v6.9.2/lib/node_modules/npm/lib/utils/lifecycle.js:255:16)
14 verbose stack     at emitTwo (events.js:106:13)
14 verbose stack     at EventEmitter.emit (events.js:191:7)
14 verbose stack     at ChildProcess.<anonymous> (/Users/oleg/.nvm/versions/node/v6.9.2/lib/node_modules/npm/lib/utils/spawn.js:40:14)
14 verbose stack     at emitTwo (events.js:106:13)
14 verbose stack     at ChildProcess.emit (events.js:191:7)
14 verbose stack     at maybeClose (internal/child_process.js:877:16)
14 verbose stack     at Process.ChildProcess._handle.onexit (internal/child_process.js:226:5)
15 verbose pkgid cf-compose-model@0.0.1
16 verbose cwd /Users/oleg/workspace/codefresh/cf-compose-model
17 error Darwin 15.6.0
18 error argv "/Users/oleg/.nvm/versions/node/v6.9.2/bin/node" "/Users/oleg/.nvm/versions/node/v6.9.2/bin/npm" "run" "gulp"
19 error node v6.9.2
20 error npm  v3.10.9
21 error code ELIFECYCLE
22 error cf-compose-model@0.0.1 gulp: `gulp`
22 error Exit status 1
23 error Failed at the cf-compose-model@0.0.1 gulp script 'gulp'.
23 error Make sure you have the latest version of node.js and npm installed.
23 error If you do, this is most likely a problem with the cf-compose-model package,
23 error not with npm itself.
23 error Tell the author that this fails on your system:
23 error     gulp
23 error You can get information on how to open an issue for this project with:
23 error     npm bugs cf-compose-model
23 error Or if that isn't available, you can get their info via:
23 error     npm owner ls cf-compose-model
23 error There is likely additional logging output above.
24 verbose exit [ 1, true ]
